<?xml version="1.0" encoding="UTF-8"?>
<!-- Generated by org.testng.reporters.JUnitXMLReporter -->
<testsuite ignored="2" hostname="Abhijith" failures="1" tests="2" name="Test" time="18.38" errors="0" timestamp="2025-01-29T11:21:47 IST">
  <testcase classname="com.qspiders.book.TC_DWS_001_Test" name="clickOnBooks" time="1.115">
    <failure type="java.lang.AssertionError" message="Books page is not displayed expected [Demo Web Shop. Book] but found [Demo Web Shop. Books]">
      <![CDATA[java.lang.AssertionError: Books page is not displayed expected [Demo Web Shop. Book] but found [Demo Web Shop. Books]
at com.qspiders.book.TC_DWS_001_Test.clickOnBooks(TC_DWS_001_Test.java:19)
at java.base/java.util.ArrayList.forEach(ArrayList.java:1596)
... Removed 30 stack frames]]>
    </failure>
  </testcase> <!-- clickOnBooks -->
  <testcase classname="com.qspiders.computers.TC_DWS_010_Test" name="clickOnComputers" time="0.75"/>
  <testcase classname="com.qspiders.genericutility.BaseClass" name="@BeforeSuite configReport" time="0.0">
    <ignored/>
  </testcase> <!-- @BeforeSuite configReport -->
  <testcase classname="com.qspiders.genericutility.BaseClass" name="@AfterSuite reportBackup" time="0.0">
    <ignored/>
  </testcase> <!-- @AfterSuite reportBackup -->
</testsuite> <!-- Test -->
